[I 13:18:36.541 NotebookApp] Writing notebook server cookie secret to /run/user/1002/jupyter/notebook_cookie_secret
[I 13:18:36.926 NotebookApp] [jupyter_nbextensions_configurator] enabled 0.4.0
[I 13:18:36.959 NotebookApp] JupyterLab beta preview extension loaded from /home/adithya/anaconda3/envs/mlbook/lib/python3.5/site-packages/jupyterlab
[I 13:18:36.960 NotebookApp] JupyterLab application directory is /home/adithya/anaconda3/envs/mlbook/share/jupyter/lab
[I 13:18:36.969 NotebookApp] Serving notebooks from local directory: /home/adithya/Desktop/Adithya/Breast_Style_Transfer/ctyle-transfer
[I 13:18:36.969 NotebookApp] 0 active kernels
[I 13:18:36.969 NotebookApp] The Jupyter Notebook is running at:
[I 13:18:36.969 NotebookApp] http://localhost:8400/?token=9c56d1ba83d70fb8413275b55d8fc0b5f53ff3196f7ce401
[I 13:18:36.969 NotebookApp] Use Control-C to stop this server and shut down all kernels (twice to skip confirmation).
[C 13:18:36.970 NotebookApp] 
    
    Copy/paste this URL into your browser when you connect for the first time,
    to login with a token:
        http://localhost:8400/?token=9c56d1ba83d70fb8413275b55d8fc0b5f53ff3196f7ce401&token=9c56d1ba83d70fb8413275b55d8fc0b5f53ff3196f7ce401
[W 13:19:51.369 NotebookApp] Clearing invalid/expired login cookie username-localhost-8399
[W 13:19:51.370 NotebookApp] Forbidden
[W 13:19:51.370 NotebookApp] 403 GET /api/sessions?_=1555087701095 (127.0.0.1) 2.29ms referer=http://localhost:8399/tree/Breast_Style_Transfer/ctyle-transfer
[W 13:19:51.372 NotebookApp] Clearing invalid/expired login cookie username-localhost-8399
[W 13:19:51.372 NotebookApp] Forbidden
[W 13:19:51.372 NotebookApp] 403 GET /api/terminals?_=1555087701096 (127.0.0.1) 0.86ms referer=http://localhost:8399/tree/Breast_Style_Transfer/ctyle-transfer
[I 13:20:03.177 NotebookApp] 302 GET /?token=9c56d1ba83d70fb8413275b55d8fc0b5f53ff3196f7ce401 (127.0.0.1) 0.89ms
[W 13:20:33.906 NotebookApp] 404 GET /edit/Breast_Style_Transfer/ctyle-transfer/cycle_gan2d.py (127.0.0.1): File does not exist: Breast_Style_Transfer/ctyle-transfer/cycle_gan2d.py
[W 13:20:33.913 NotebookApp] 404 GET /edit/Breast_Style_Transfer/ctyle-transfer/cycle_gan2d.py (127.0.0.1) 6.71ms referer=None
[I 13:21:30.383 NotebookApp] Copying cyclegan_samples/sample-028000-X-cycle_X.png to /cyclegan_samples
[W 13:21:30.395 NotebookApp] 403 POST /api/contents/cyclegan_samples (127.0.0.1): Permission denied: cyclegan_samples/sample-028000-X-cycle_X-Copy1.png
[W 13:21:30.396 NotebookApp] Permission denied: cyclegan_samples/sample-028000-X-cycle_X-Copy1.png
[W 13:21:30.396 NotebookApp] 403 POST /api/contents/cyclegan_samples (127.0.0.1) 13.54ms referer=http://localhost:8399/tree/cyclegan_samples
[I 13:21:30.397 NotebookApp] Copying cyclegan_samples/sample-028000-X-Y.png to /cyclegan_samples
[W 13:21:30.416 NotebookApp] 403 POST /api/contents/cyclegan_samples (127.0.0.1): Permission denied: cyclegan_samples/sample-028000-X-Y-Copy1.png
[W 13:21:30.417 NotebookApp] Permission denied: cyclegan_samples/sample-028000-X-Y-Copy1.png
[W 13:21:30.417 NotebookApp] 403 POST /api/contents/cyclegan_samples (127.0.0.1) 20.21ms referer=http://localhost:8399/tree/cyclegan_samples
[I 13:21:30.418 NotebookApp] Copying cyclegan_samples/sample-028000-Y-cycle_Y.png to /cyclegan_samples
[W 13:21:30.429 NotebookApp] 403 POST /api/contents/cyclegan_samples (127.0.0.1): Permission denied: cyclegan_samples/sample-028000-Y-cycle_Y-Copy1.png
[W 13:21:30.429 NotebookApp] Permission denied: cyclegan_samples/sample-028000-Y-cycle_Y-Copy1.png
[W 13:21:30.429 NotebookApp] 403 POST /api/contents/cyclegan_samples (127.0.0.1) 11.91ms referer=http://localhost:8399/tree/cyclegan_samples
[I 13:21:30.430 NotebookApp] Copying cyclegan_samples/sample-028000-Y-X.png to /cyclegan_samples
[W 13:21:30.441 NotebookApp] 403 POST /api/contents/cyclegan_samples (127.0.0.1): Permission denied: cyclegan_samples/sample-028000-Y-X-Copy1.png
[W 13:21:30.442 NotebookApp] Permission denied: cyclegan_samples/sample-028000-Y-X-Copy1.png
[W 13:21:30.442 NotebookApp] 403 POST /api/contents/cyclegan_samples (127.0.0.1) 12.61ms referer=http://localhost:8399/tree/cyclegan_samples
[I 13:21:30.443 NotebookApp] Copying cyclegan_samples/sample-028500-X-cycle_X.png to /cyclegan_samples
[W 13:21:30.454 NotebookApp] 403 POST /api/contents/cyclegan_samples (127.0.0.1): Permission denied: cyclegan_samples/sample-028500-X-cycle_X-Copy1.png
[W 13:21:30.454 NotebookApp] Permission denied: cyclegan_samples/sample-028500-X-cycle_X-Copy1.png
[W 13:21:30.454 NotebookApp] 403 POST /api/contents/cyclegan_samples (127.0.0.1) 12.27ms referer=http://localhost:8399/tree/cyclegan_samples
[I 13:21:30.456 NotebookApp] Copying cyclegan_samples/sample-028500-X-Y.png to /cyclegan_samples
[W 13:21:30.466 NotebookApp] 403 POST /api/contents/cyclegan_samples (127.0.0.1): Permission denied: cyclegan_samples/sample-028500-X-Y-Copy1.png
[W 13:21:30.466 NotebookApp] Permission denied: cyclegan_samples/sample-028500-X-Y-Copy1.png
[W 13:21:30.466 NotebookApp] 403 POST /api/contents/cyclegan_samples (127.0.0.1) 11.59ms referer=http://localhost:8399/tree/cyclegan_samples
[I 13:21:30.468 NotebookApp] Copying cyclegan_samples/sample-028500-Y-X.png to /cyclegan_samples
[W 13:21:30.476 NotebookApp] 403 POST /api/contents/cyclegan_samples (127.0.0.1): Permission denied: cyclegan_samples/sample-028500-Y-X-Copy1.png
[W 13:21:30.476 NotebookApp] Permission denied: cyclegan_samples/sample-028500-Y-X-Copy1.png
[W 13:21:30.476 NotebookApp] 403 POST /api/contents/cyclegan_samples (127.0.0.1) 9.29ms referer=http://localhost:8399/tree/cyclegan_samples
[I 13:21:30.478 NotebookApp] Copying cyclegan_samples/sample-028500-Y-cycle_Y.png to /cyclegan_samples
[W 13:21:30.485 NotebookApp] 403 POST /api/contents/cyclegan_samples (127.0.0.1): Permission denied: cyclegan_samples/sample-028500-Y-cycle_Y-Copy1.png
[W 13:21:30.485 NotebookApp] Permission denied: cyclegan_samples/sample-028500-Y-cycle_Y-Copy1.png
[W 13:21:30.486 NotebookApp] 403 POST /api/contents/cyclegan_samples (127.0.0.1) 8.31ms referer=http://localhost:8399/tree/cyclegan_samples
[I 01:13:16.239 NotebookApp] Writing notebook server cookie secret to /run/user/1001/jupyter/notebook_cookie_secret
[I 01:13:18.017 NotebookApp] [jupyter_nbextensions_configurator] enabled 0.4.0
[I 01:13:18.143 NotebookApp] JupyterLab beta preview extension loaded from /home/adithya/anaconda3/envs/mlbook/lib/python3.5/site-packages/jupyterlab
[I 01:13:18.143 NotebookApp] JupyterLab application directory is /home/adithya/anaconda3/envs/mlbook/share/jupyter/lab
[I 01:13:18.191 NotebookApp] Serving notebooks from local directory: /home/adithya/Breast_Style_Transfer/ctyle-transfer
[I 01:13:18.192 NotebookApp] 0 active kernels
[I 01:13:18.192 NotebookApp] The Jupyter Notebook is running at:
[I 01:13:18.192 NotebookApp] http://localhost:8500/?token=0f3cff150277fcac968d170be540ce669b3a5e6b774f92c2
[I 01:13:18.192 NotebookApp] Use Control-C to stop this server and shut down all kernels (twice to skip confirmation).
[C 01:13:18.192 NotebookApp] 
    
    Copy/paste this URL into your browser when you connect for the first time,
    to login with a token:
        http://localhost:8500/?token=0f3cff150277fcac968d170be540ce669b3a5e6b774f92c2&token=0f3cff150277fcac968d170be540ce669b3a5e6b774f92c2
[W 01:14:00.398 NotebookApp] Clearing invalid/expired login cookie username-localhost-8499
[W 01:14:00.401 NotebookApp] Clearing invalid/expired login cookie username-localhost-8499
[W 01:14:00.401 NotebookApp] Clearing invalid/expired login cookie username-localhost-8499
[W 01:14:00.713 NotebookApp] 404 GET /token=0f3cff150277fcac968d170be540ce669b3a5e6b774f92c2 (127.0.0.1) 315.71ms referer=None
[W 01:14:35.039 NotebookApp] Forbidden
[W 01:14:35.040 NotebookApp] 403 GET /api/sessions?_=1555610043385 (127.0.0.1) 2.23ms referer=http://localhost:8499/tree/Breast_Style_Transfer/ctyle-transfer
[W 01:14:35.042 NotebookApp] Forbidden
[W 01:14:35.042 NotebookApp] 403 GET /api/terminals?_=1555610043386 (127.0.0.1) 0.45ms referer=http://localhost:8499/tree/Breast_Style_Transfer/ctyle-transfer
[I 01:14:50.200 NotebookApp] 302 GET /?token=0f3cff150277fcac968d170be540ce669b3a5e6b774f92c2 (127.0.0.1) 1.11ms
[I 01:15:57.934 NotebookApp] Saving file at /data_loader.py
[I 01:16:12.283 NotebookApp] Saving file at /data_loader.py
[I 01:16:21.298 NotebookApp] Saving file at /data_loader.py
[I 01:17:11.402 NotebookApp] Saving file at /data_loader.py
[I 01:18:20.200 NotebookApp] Saving file at /cycle_ganMRI.py
[I 01:18:52.154 NotebookApp] Saving file at /data_loaderMRI.py
[I 01:19:34.610 NotebookApp] Saving file at /cycle_ganMRI.py
[I 01:20:11.724 NotebookApp] Saving file at /models.py
[I 01:27:17.683 NotebookApp] Saving file at /cycle_gan2d.py
[I 01:28:11.093 NotebookApp] Saving file at /cycle_gan2d.py
[I 01:29:05.907 NotebookApp] Saving file at /cycle_ganMRI.py
[I 01:29:48.071 NotebookApp] Saving file at /cycle_ganMRI.py
[I 01:30:45.256 NotebookApp] Saving file at /cycle_ganMRI.py
[I 01:33:12.093 NotebookApp] Saving file at /cycle_ganMRI.py
[I 01:33:23.786 NotebookApp] Saving file at /cycle_gan2d.py
[I 01:33:27.971 NotebookApp] Saving file at /cycle_gan2d.py
[I 01:33:30.241 NotebookApp] Saving file at /cycle_gan2d.py
[I 01:36:57.122 NotebookApp] Saving file at /convert_mat_to_png.py
[I 01:37:08.143 NotebookApp] Saving file at /convert_mat_to_png.py
[I 01:37:40.173 NotebookApp] Saving file at /convert_mat_to_png.py
[I 01:37:45.944 NotebookApp] Saving file at /convert_mat_to_png.py
[I 01:38:03.207 NotebookApp] Saving file at /convert_mat_to_png.py
[I 01:38:16.056 NotebookApp] Saving file at /convert_mat_to_png.py
[I 01:44:37.063 NotebookApp] Saving file at /convert_mat_to_png.py
[W 01:46:23.238 NotebookApp] delete /split_data.py
[I 01:49:10.731 NotebookApp] Saving file at /read_headers_2.py
[W 01:49:57.142 NotebookApp] 404 GET /api/contents/split_data.py?content=0&_=1555911889975 (127.0.0.1): No such file or directory: split_data.py
[W 01:49:57.142 NotebookApp] No such file or directory: split_data.py
[W 01:49:57.142 NotebookApp] 404 GET /api/contents/split_data.py?content=0&_=1555911889975 (127.0.0.1) 1.09ms referer=http://localhost:8499/edit/split_data.py
[I 01:49:57.160 NotebookApp] Uploading file to /split_data.py
[I 01:51:31.342 NotebookApp] Saving file at /read_headers_2.py
[I 01:52:30.357 NotebookApp] Saving file at /create_train_and_test.py
[I 01:53:39.718 NotebookApp] Saving file at /create_train_and_test.py
[I 01:53:43.141 NotebookApp] Saving file at /create_train_and_test.py
[I 01:54:58.187 NotebookApp] Saving file at /create_train_and_test.py
[I 01:55:01.464 NotebookApp] Saving file at /create_train_and_test.py
[I 01:55:15.550 NotebookApp] Saving file at /create_train_and_test.py
[I 01:55:34.731 NotebookApp] Saving file at /create_train_and_test.py
[I 01:55:41.235 NotebookApp] Saving file at /create_train_and_test.py
[I 01:55:47.768 NotebookApp] Saving file at /create_train_and_test.py
[I 01:58:25.885 NotebookApp] Saving file at /create_train_and_test.py
[I 02:00:23.896 NotebookApp] Saving file at /create_train_and_test.py
[I 02:01:39.006 NotebookApp] Saving file at /create_train_and_test.py
[W 02:03:09.790 NotebookApp] 400 GET /api/contents/checkpoints_cyclegan/D_X_100000_.pkl?type=file&format=text&_=1555912989601 (127.0.0.1): /home/adithya/Breast_Style_Transfer/ctyle-transfer/checkpoints_cyclegan/D_X_100000_.pkl is not UTF-8 encoded
[W 02:03:09.790 NotebookApp] /home/adithya/Breast_Style_Transfer/ctyle-transfer/checkpoints_cyclegan/D_X_100000_.pkl is not UTF-8 encoded
[W 02:03:09.790 NotebookApp] 400 GET /api/contents/checkpoints_cyclegan/D_X_100000_.pkl?type=file&format=text&_=1555912989601 (127.0.0.1) 75.65ms referer=http://localhost:8499/edit/checkpoints_cyclegan/D_X_100000_.pkl
[I 02:05:02.937 NotebookApp] Saving file at /cycle_ganMRI.py
[I 02:05:44.393 NotebookApp] Saving file at /cycle_ganMRI.py
[I 02:06:22.460 NotebookApp] Saving file at /cycle_ganMRI.py
[I 02:08:53.176 NotebookApp] Saving file at /create_train_and_test.py
[I 02:09:49.517 NotebookApp] Saving file at /create_train_and_test.py
[I 02:10:04.906 NotebookApp] Saving file at /create_train_and_test.py
[I 02:10:31.962 NotebookApp] Saving file at /create_train_and_test.py
[I 02:11:47.765 NotebookApp] Saving file at /create_train_and_test.py
[I 02:12:16.441 NotebookApp] Saving file at /create_train_and_test.py
[I 02:13:01.007 NotebookApp] Saving file at /create_train_and_test.py
[I 02:13:31.896 NotebookApp] Saving file at /create_train_and_test.py
[I 02:13:49.506 NotebookApp] Saving file at /create_train_and_test.py
[I 02:14:23.120 NotebookApp] Saving file at /create_train_and_test.py
[I 02:24:29.511 NotebookApp] Saving file at /create_train_and_test.py
[I 02:24:52.869 NotebookApp] Saving file at /create_train_and_test.py
[I 02:24:58.051 NotebookApp] Saving file at /create_train_and_test.py
[I 02:25:37.071 NotebookApp] Saving file at /create_train_and_test.py
[I 02:25:46.564 NotebookApp] Saving file at /create_train_and_test.py
[I 02:25:47.368 NotebookApp] Saving file at /create_train_and_test.py
[I 02:26:35.774 NotebookApp] Saving file at /create_train_and_test.py
[I 02:27:20.764 NotebookApp] Saving file at /create_train_and_test.py
[I 02:28:16.593 NotebookApp] Saving file at /create_train_and_test.py
[I 02:28:37.960 NotebookApp] Saving file at /create_train_and_test.py
[I 02:28:51.517 NotebookApp] Saving file at /create_train_and_test.py
[I 02:29:41.121 NotebookApp] Saving file at /create_train_and_test.py
[I 02:30:16.300 NotebookApp] Saving file at /create_train_and_test.py
[I 02:30:28.563 NotebookApp] Saving file at /create_train_and_test.py
[I 02:30:30.438 NotebookApp] Saving file at /create_train_and_test.py
[I 02:33:52.055 NotebookApp] Saving file at /create_train_and_test.py
[I 02:33:56.019 NotebookApp] Saving file at /create_train_and_test.py
[I 02:34:11.609 NotebookApp] Saving file at /create_train_and_test.py
[I 02:34:22.988 NotebookApp] Saving file at /create_train_and_test.py
[I 02:34:23.346 NotebookApp] Saving file at /create_train_and_test.py
[I 02:34:47.803 NotebookApp] Saving file at /create_train_and_test.py
[I 02:36:03.373 NotebookApp] Saving file at /create_train_and_test.py
[I 02:37:37.277 NotebookApp] Saving file at /create_train_and_test.py
[I 02:38:06.280 NotebookApp] Saving file at /create_train_and_test.py
[I 02:38:17.298 NotebookApp] Saving file at /create_train_and_test.py
[I 02:38:31.238 NotebookApp] Saving file at /create_train_and_test.py
[I 02:39:07.546 NotebookApp] Saving file at /create_train_and_test.py
[I 02:39:19.060 NotebookApp] Saving file at /create_train_and_test.py
[I 02:39:56.163 NotebookApp] Saving file at /create_train_and_test.py
[I 02:40:23.343 NotebookApp] Saving file at /create_train_and_test.py
[I 02:43:16.693 NotebookApp] Saving file at /create_train_and_test.py
[I 02:43:19.886 NotebookApp] Saving file at /create_train_and_test.py
[I 02:44:24.233 NotebookApp] Saving file at /create_train_and_test.py
[I 02:45:29.425 NotebookApp] Saving file at /create_train_and_test.py
[I 02:45:42.436 NotebookApp] Saving file at /create_train_and_test.py
[I 02:47:08.059 NotebookApp] Saving file at /create_train_and_test.py
[I 02:47:24.542 NotebookApp] Saving file at /create_train_and_test.py
[I 02:49:14.606 NotebookApp] Saving file at /create_train_and_test.py
[I 02:49:48.927 NotebookApp] Saving file at /create_train_and_test.py
[I 02:50:06.408 NotebookApp] Saving file at /create_train_and_test.py
[I 02:50:18.071 NotebookApp] Saving file at /create_train_and_test.py
[I 02:50:30.005 NotebookApp] Saving file at /create_train_and_test.py
[I 02:50:41.618 NotebookApp] Saving file at /create_train_and_test.py
[I 02:50:50.914 NotebookApp] Saving file at /create_train_and_test.py
[I 02:50:59.494 NotebookApp] Saving file at /create_train_and_test.py
[I 02:51:28.192 NotebookApp] Saving file at /create_train_and_test.py
[I 02:52:02.144 NotebookApp] Saving file at /create_train_and_test.py
[I 02:52:17.959 NotebookApp] Saving file at /create_train_and_test.py
[I 02:52:52.377 NotebookApp] Saving file at /create_train_and_test.py
[I 02:54:21.826 NotebookApp] Saving file at /create_train_and_test.py
[I 02:54:25.867 NotebookApp] Saving file at /create_train_and_test.py
[I 02:54:58.981 NotebookApp] Saving file at /create_train_and_test.py
[I 02:55:18.570 NotebookApp] Saving file at /create_train_and_test.py
[I 02:55:26.309 NotebookApp] Saving file at /create_train_and_test.py
[I 02:55:31.241 NotebookApp] Saving file at /create_train_and_test.py
[I 02:56:35.816 NotebookApp] Saving file at /create_train_and_test.py
[I 02:56:43.246 NotebookApp] Saving file at /create_train_and_test.py
[I 02:56:51.925 NotebookApp] Saving file at /create_train_and_test.py
[I 02:57:02.281 NotebookApp] Saving file at /create_train_and_test.py
[I 02:57:07.295 NotebookApp] Saving file at /create_train_and_test.py
[I 02:57:13.738 NotebookApp] Saving file at /create_train_and_test.py
[I 02:57:17.931 NotebookApp] Saving file at /create_train_and_test.py
[I 02:57:24.132 NotebookApp] Saving file at /create_train_and_test.py
[I 02:57:29.348 NotebookApp] Saving file at /create_train_and_test.py
[I 02:58:16.342 NotebookApp] Saving file at /cycle_ganMRI.py
[I 02:58:21.096 NotebookApp] Saving file at /cycle_ganMRI.py
[I 03:00:17.244 NotebookApp] Saving file at /cycle_ganMRI.py
[I 03:00:48.316 NotebookApp] Saving file at /create_train_and_test.py
[I 03:00:55.803 NotebookApp] Saving file at /create_train_and_test.py
[I 03:01:30.879 NotebookApp] Saving file at /create_train_and_test.py
[I 03:02:03.558 NotebookApp] Saving file at /create_train_and_test.py
[I 03:03:41.958 NotebookApp] Saving file at /create_train_and_test.py
[I 03:57:44.631 NotebookApp] Saving file at /data_loaderMRI.py
[I 03:58:08.614 NotebookApp] Saving file at /cycle_ganMRI.py
[I 03:59:01.447 NotebookApp] Saving file at /cycle_ganMRI.py
[I 03:59:10.617 NotebookApp] Saving file at /cycle_ganMRI.py
[I 04:02:33.711 NotebookApp] Saving file at /cycle_ganMRI.py
[I 10:34:12.332 NotebookApp] Saving file at /cycle_ganMRI.py
[I 10:34:15.439 NotebookApp] Saving file at /cycle_ganMRI.py
[I 10:35:13.884 NotebookApp] Saving file at /cycle_ganMRI.py
[I 10:37:24.011 NotebookApp] Saving file at /cycle_ganMRI.py
[I 10:37:52.290 NotebookApp] Saving file at /cycle_ganMRI.py
[I 10:39:58.604 NotebookApp] Saving file at /cycle_ganMRI.py
[I 10:40:07.055 NotebookApp] Saving file at /cycle_ganMRI.py
[I 10:44:36.351 NotebookApp] Saving file at /cycle_ganMRI.py
[I 10:44:39.351 NotebookApp] Saving file at /cycle_ganMRI.py
[I 10:44:45.770 NotebookApp] Saving file at /cycle_ganMRI.py
[I 10:44:49.356 NotebookApp] Saving file at /cycle_ganMRI.py
[I 10:44:55.178 NotebookApp] Saving file at /cycle_ganMRI.py
[I 10:45:06.384 NotebookApp] Saving file at /cycle_ganMRI.py
[I 10:45:30.856 NotebookApp] Saving file at /cycle_ganMRI.py
[I 10:45:59.865 NotebookApp] Saving file at /cycle_ganMRI.py
[I 10:46:19.474 NotebookApp] Saving file at /cycle_ganMRI.py
[I 10:46:40.295 NotebookApp] Saving file at /cycle_ganMRI.py
[I 10:46:44.300 NotebookApp] Saving file at /cycle_ganMRI.py
[I 10:49:06.150 NotebookApp] Saving file at /cycle_ganMRI.py
[I 10:52:38.943 NotebookApp] Saving file at /cycle_ganMRI.py
[I 10:52:50.319 NotebookApp] Saving file at /cycle_ganMRI.py
[I 10:52:55.913 NotebookApp] Saving file at /cycle_ganMRI.py
[I 10:54:09.634 NotebookApp] Saving file at /cycle_ganMRI.py
[I 10:54:12.210 NotebookApp] Saving file at /cycle_ganMRI.py
[I 10:54:18.303 NotebookApp] Saving file at /cycle_ganMRI.py
[I 10:54:27.326 NotebookApp] Saving file at /cycle_ganMRI.py
[I 10:56:23.414 NotebookApp] Saving file at /cycle_ganMRI.py
[I 10:57:44.200 NotebookApp] Saving file at /cycle_ganMRI.py
[I 10:58:17.748 NotebookApp] Saving file at /cycle_gan2d.py
[I 10:58:22.113 NotebookApp] Saving file at /cycle_gan2d.py
[I 10:58:33.002 NotebookApp] Saving file at /cycle_ganMRI.py
[I 10:58:58.974 NotebookApp] Saving file at /cycle_gan2d.py
[I 10:59:06.232 NotebookApp] Saving file at /cycle_gan2d.py
[I 11:01:43.870 NotebookApp] Saving file at /cycle_gan2d.py
[I 11:01:56.164 NotebookApp] Saving file at /cycle_ganMRI.py
[I 11:02:13.709 NotebookApp] Saving file at /cycle_ganMRI.py
[I 11:02:20.576 NotebookApp] Saving file at /cycle_gan2d.py
[I 11:03:06.987 NotebookApp] Saving file at /cycle_ganMRI.py
[I 11:03:16.390 NotebookApp] Saving file at /cycle_gan2d.py
[I 11:04:13.200 NotebookApp] Saving file at /cycle_ganMRI.py
[I 11:06:03.350 NotebookApp] Saving file at /cycle_gan2d.py
[I 11:06:47.152 NotebookApp] Saving file at /cycle_gan2d.py
[I 11:06:54.713 NotebookApp] Saving file at /cycle_gan2d.py
[I 11:07:37.532 NotebookApp] Saving file at /cycle_gan2d.py
[I 11:07:46.607 NotebookApp] Saving file at /cycle_gan2d.py
[I 11:16:00.759 NotebookApp] Saving file at /xnet_2d.py
[I 11:30:02.829 NotebookApp] Saving file at /cycle_gan2d.py
[I 11:30:12.079 NotebookApp] Saving file at /cycle_gan2d.py
[I 11:30:43.336 NotebookApp] Saving file at /cycle_ganMRI.py
[I 11:31:29.615 NotebookApp] Saving file at /cycle_ganMRI.py
[I 11:31:36.007 NotebookApp] Saving file at /cycle_gan2d.py
[I 11:32:08.148 NotebookApp] Saving file at /cycle_gan2d.py
[I 11:32:22.570 NotebookApp] Saving file at /cycle_ganMRI.py
[I 11:33:16.340 NotebookApp] Saving file at /cycle_gan2d.py
[I 11:33:19.416 NotebookApp] Saving file at /cycle_ganMRI.py
[I 11:33:21.807 NotebookApp] Saving file at /cycle_ganMRI.py
[I 02:00:31.321 NotebookApp] Saving file at /cycle_ganMRI.py
[I 02:00:40.999 NotebookApp] Saving file at /cycle_ganMRI.py
[I 02:00:55.503 NotebookApp] Saving file at /cycle_ganMRI.py
[I 02:01:07.685 NotebookApp] Saving file at /cycle_ganMRI.py
[I 02:03:05.884 NotebookApp] Saving file at /cycle_ganMRI.py
[I 02:03:10.695 NotebookApp] Saving file at /cycle_ganMRI.py
[I 02:03:17.697 NotebookApp] Saving file at /cycle_ganMRI.py
[I 02:03:21.914 NotebookApp] Saving file at /cycle_ganMRI.py
[I 02:03:28.446 NotebookApp] Saving file at /cycle_ganMRI.py
[I 02:03:59.862 NotebookApp] Saving file at /cycle_ganMRI.py
[C 18:47:56.348 NotebookApp] received signal 15, stopping
[I 18:47:56.749 NotebookApp] Shutting down 0 kernels
